<?xml version="1.0" encoding="UTF-8" ?>
<testsuite tests="13" failures="1" name="prova_sicredi_api.RunCucumberTest" time="5.375" errors="0" skipped="0">
  <properties>
[...]
</properties>
  <testcase classname="The &quot;Via CEP&quot; API should work as expected" name="Check valid zip code (CEP) #1" time="1.252"/>
  <testcase classname="The &quot;Via CEP&quot; API should work as expected" name="Check valid zip code (CEP) #2" time="0.169"/>
  <testcase classname="The &quot;Via CEP&quot; API should work as expected" name="Check nonexistent zip code (CEP) #1" time="0.148"/>
  <testcase classname="The &quot;Via CEP&quot; API should work as expected" name="Check nonexistent zip code (CEP) #2" time="0.152"/>
  <testcase classname="The &quot;Via CEP&quot; API should work as expected" name="Check zip code (CEP) with invalid format #1" time="0.152"/>
  <testcase classname="The &quot;Via CEP&quot; API should work as expected" name="Check zip code (CEP) with invalid format #2" time="0.577"/>
  <testcase classname="The &quot;Via CEP&quot; API should work as expected" name="Check zip code (CEP) with invalid format #3" time="0.515"/>
  <testcase classname="The &quot;Via CEP&quot; API should work as expected" name="Check zip code (CEP) with invalid format #4" time="0.497"/>
  <testcase classname="The &quot;Via CEP&quot; API should work as expected" name="Check zip code (CEP) with invalid format #5" time="0.542"/>
  <testcase classname="The &quot;Via CEP&quot; API should work as expected" name="Check zip code (CEP) with invalid format #6" time="0.512"/>
  <testcase classname="The &quot;Via CEP&quot; API should work as expected" name="Check zip code (CEP) given address #1" time="0.534">
    <failure message="Expected city: Gravatai. Received: GravataÃ­" type="java.lang.AssertionError">java.lang.AssertionError: Expected city: Gravatai. Received: GravataÃ­
	at org.junit.Assert.fail(Assert.java:89)
	at org.junit.Assert.assertTrue(Assert.java:42)
	at prova_sicredi_api.StepDefinitions.aListOfZipCodesThatMatchesTheParametersAreReturned(StepDefinitions.java:105)
	at ✽.a list of zip codes that matches the parameters are returned(classpath:prova_sicredi_api/viacep.feature:37)
</failure>
    <system-out>
Scenario Outline: Check zip code (CEP) given address                                          &amp;#27;[90m# prova_sicredi_api/viacep.feature:40&amp;#27;[0m
  &amp;#27;[32mGiven &amp;#27;[0m&amp;#27;[32mthe user insert the UF as &amp;#27;[0m&amp;#27;[32m&amp;#27;[1mRS&amp;#27;[0m&amp;#27;[32m, the city as &amp;#27;[0m&amp;#27;[32m&amp;#27;[1mGravatai&amp;#27;[0m&amp;#27;[32m, and the street address as &amp;#27;[0m&amp;#27;[32m&amp;#27;[1mBarroso&amp;#27;[0m &amp;#27;[90m# prova_sicredi_api.StepDefinitions.theUserInsertTheUFAsRSTheCityAsGravataiAndTheStreetAddressAsBarroso(java.lang.String,java.lang.String,java.lang.String)&amp;#27;[0m
  &amp;#27;[32mWhen &amp;#27;[0m&amp;#27;[32mthe service is consulted using the &amp;#27;[0m&amp;#27;[32m&amp;#27;[1maddress&amp;#27;[0m                                             &amp;#27;[90m# prova_sicredi_api.StepDefinitions.theServiceIsConsultedUsingTheX(java.lang.String)&amp;#27;[0m
  &amp;#27;[31mThen &amp;#27;[0m&amp;#27;[31ma list of zip codes that matches the parameters are returned&amp;#27;[0m                           &amp;#27;[90m# prova_sicredi_api.StepDefinitions.aListOfZipCodesThatMatchesTheParametersAreReturned()&amp;#27;[0m
      &amp;#27;[31mjava.lang.AssertionError: Expected city: Gravatai. Received: GravataÃƒÂ­
	at org.junit.Assert.fail(Assert.java:89)
	at org.junit.Assert.assertTrue(Assert.java:42)
	at prova_sicredi_api.StepDefinitions.aListOfZipCodesThatMatchesTheParametersAreReturned(StepDefinitions.java:105)
	at âœ½.a list of zip codes that matches the parameters are returned(classpath:prova_sicredi_api/viacep.feature:37)
&amp;#27;[0m
</system-out>
    <system-err>May 29, 2021 1:36:55 AM prova_sicredi_api.StepDefinitions theServiceIsConsultedUsingTheX
INFO: Consulting zip code using address https://viacep.com.br/ws/RS/Gravatai/Barroso/json/
May 29, 2021 1:36:55 AM prova_sicredi_api.StepDefinitions theServiceIsConsultedUsingTheX
INFO: API response: 
[  {    &quot;cep&quot;: &quot;94085-170&quot;,    &quot;logradouro&quot;: &quot;Rua Ari Barroso&quot;,    &quot;complemento&quot;: &quot;&quot;,    &quot;bairro&quot;: &quot;Morada do Vale I&quot;,    &quot;localidade&quot;: &quot;GravataÃ­&quot;,    &quot;uf&quot;: &quot;RS&quot;,    &quot;ibge&quot;: &quot;4309209&quot;,    &quot;gia&quot;: &quot;&quot;,    &quot;ddd&quot;: &quot;51&quot;,    &quot;siafi&quot;: &quot;8683&quot;  },  {    &quot;cep&quot;: &quot;94175-000&quot;,    &quot;logradouro&quot;: &quot;Rua Almirante Barroso&quot;,    &quot;complemento&quot;: &quot;&quot;,    &quot;bairro&quot;: &quot;Recanto Corcunda&quot;,    &quot;localidade&quot;: &quot;GravataÃ­&quot;,    &quot;uf&quot;: &quot;RS&quot;,    &quot;ibge&quot;: &quot;4309209&quot;,    &quot;gia&quot;: &quot;&quot;,    &quot;ddd&quot;: &quot;51&quot;,    &quot;siafi&quot;: &quot;8683&quot;  }]
</system-err>
  </testcase>
  <testcase classname="The &quot;Via CEP&quot; API should work as expected" name="Check zip code (CEP) given address #2" time="0.18"/>
  <testcase classname="The &quot;Via CEP&quot; API should work as expected" name="Check zip code (CEP) given address #3" time="0.145"/>
</testsuite>