<?xml version="1.0" encoding="UTF-8" ?>
<testsuite tests="13" failures="0" name="viacep.RunCucumberTest" time="6.077" errors="0" skipped="0">
  <properties>
[...]
</properties>
  <testcase classname="The &quot;Via CEP&quot; API should work as expected" name="Check valid zip code (CEP) #1" time="1.462"/>
  <testcase classname="The &quot;Via CEP&quot; API should work as expected" name="Check valid zip code (CEP) #2" time="0.175"/>
  <testcase classname="The &quot;Via CEP&quot; API should work as expected" name="Check nonexistent zip code (CEP) #1" time="0.166"/>
  <testcase classname="The &quot;Via CEP&quot; API should work as expected" name="Check nonexistent zip code (CEP) #2" time="0.177"/>
  <testcase classname="The &quot;Via CEP&quot; API should work as expected" name="Check zip code (CEP) with invalid format #1" time="0.187"/>
  <testcase classname="The &quot;Via CEP&quot; API should work as expected" name="Check zip code (CEP) with invalid format #2" time="0.636"/>
  <testcase classname="The &quot;Via CEP&quot; API should work as expected" name="Check zip code (CEP) with invalid format #3" time="0.548"/>
  <testcase classname="The &quot;Via CEP&quot; API should work as expected" name="Check zip code (CEP) with invalid format #4" time="0.63"/>
  <testcase classname="The &quot;Via CEP&quot; API should work as expected" name="Check zip code (CEP) with invalid format #5" time="0.516"/>
  <testcase classname="The &quot;Via CEP&quot; API should work as expected" name="Check zip code (CEP) with invalid format #6" time="0.532"/>
  <testcase classname="The &quot;Via CEP&quot; API should work as expected" name="Check zip code (CEP) given address #1" time="0.614"/>
  <testcase classname="The &quot;Via CEP&quot; API should work as expected" name="Check zip code (CEP) given address #2" time="0.182"/>
  <testcase classname="The &quot;Via CEP&quot; API should work as expected" name="Check zip code (CEP) given address #3" time="0.252"/>
</testsuite>